<?xml version="1.0" encoding="UTF-8"?>
<robot generator="Robot 5.0.1 (Python 3.10.8 on win32)" generated="20230321 15:46:53.990" rpa="true" schemaversion="3">
<suite id="s1" name="Playw" source="c:\Users\anastasiia\.vscode\tri\tributary\Tests\playw.robot">
<test id="s1-t1" name="Test 2: Check the card" line="53">
<kw name="Open browser and login">
<kw name="New Page" library="RPA.Browser.Playwright">
<arg>url=${url}</arg>
<tag>BrowserControl</tag>
<tag>Setter</tag>
<doc>Open a new Page.</doc>
<msg timestamp="20230321 15:46:58.646" level="INFO">Successfully initialized new page object and opened url: http://192.168.0.3</msg>
<msg timestamp="20230321 15:46:58.647" level="INFO">No browser and context was open. New browser and context was automatically opened when page is created.</msg>
<status status="PASS" starttime="20230321 15:46:55.657" endtime="20230321 15:46:58.648"/>
</kw>
<kw name="Sleep" library="BuiltIn">
<arg>2</arg>
<doc>Pauses the test executed for the given time.</doc>
<msg timestamp="20230321 15:47:00.657" level="INFO">Slept 2 seconds</msg>
<status status="PASS" starttime="20230321 15:46:58.648" endtime="20230321 15:47:00.658"/>
</kw>
<kw name="Take Screenshot" library="RPA.Browser.Playwright">
<tag>PageContent</tag>
<doc>Takes a screenshot of the current window or element and saves it to disk.</doc>
<msg timestamp="20230321 15:47:00.743" level="INFO" html="true">&lt;/td&gt;&lt;/tr&gt;&lt;tr&gt;&lt;td colspan="3"&gt;&lt;a href="browser/screenshot/robotframework-browser-screenshot-1.png"&gt;&lt;img src="browser/screenshot/robotframework-browser-screenshot-1.png" width="800px"&gt;&lt;/a&gt;</msg>
<status status="PASS" starttime="20230321 15:47:00.660" endtime="20230321 15:47:00.743"/>
</kw>
<kw name="Set Variable" library="BuiltIn">
<var>${usename}</var>
<arg>xpath=/html/body/form/input[1]</arg>
<doc>Returns the given values which can then be assigned to a variables.</doc>
<msg timestamp="20230321 15:47:00.744" level="INFO">${usename} = xpath=/html/body/form/input[1]</msg>
<status status="PASS" starttime="20230321 15:47:00.743" endtime="20230321 15:47:00.744"/>
</kw>
<kw name="Type Text" library="RPA.Browser.Playwright">
<arg>${usename}</arg>
<arg>admin</arg>
<tag>PageContent</tag>
<tag>Setter</tag>
<doc>Types the given ``txt`` into the text field found by ``selector``.</doc>
<msg timestamp="20230321 15:47:00.744" level="INFO">Types the text 'admin' in the given field.</msg>
<status status="PASS" starttime="20230321 15:47:00.744" endtime="20230321 15:47:00.800"/>
</kw>
<kw name="Set Variable" library="BuiltIn">
<var>${locator}</var>
<arg>xpath=/html/body/form/button</arg>
<doc>Returns the given values which can then be assigned to a variables.</doc>
<msg timestamp="20230321 15:47:00.802" level="INFO">${locator} = xpath=/html/body/form/button</msg>
<status status="PASS" starttime="20230321 15:47:00.801" endtime="20230321 15:47:00.802"/>
</kw>
<kw name="Click" library="RPA.Browser.Playwright">
<arg>${locator}</arg>
<tag>PageContent</tag>
<tag>Setter</tag>
<doc>Simulates mouse click on the element found by ``selector``.</doc>
<status status="PASS" starttime="20230321 15:47:00.802" endtime="20230321 15:47:01.917"/>
</kw>
<kw name="Sleep" library="BuiltIn">
<arg>5</arg>
<doc>Pauses the test executed for the given time.</doc>
<msg timestamp="20230321 15:47:06.921" level="INFO">Slept 5 seconds</msg>
<status status="PASS" starttime="20230321 15:47:01.918" endtime="20230321 15:47:06.921"/>
</kw>
<kw name="Take Screenshot" library="RPA.Browser.Playwright">
<tag>PageContent</tag>
<doc>Takes a screenshot of the current window or element and saves it to disk.</doc>
<msg timestamp="20230321 15:47:07.040" level="INFO" html="true">&lt;/td&gt;&lt;/tr&gt;&lt;tr&gt;&lt;td colspan="3"&gt;&lt;a href="browser/screenshot/robotframework-browser-screenshot-2.png"&gt;&lt;img src="browser/screenshot/robotframework-browser-screenshot-2.png" width="800px"&gt;&lt;/a&gt;</msg>
<status status="PASS" starttime="20230321 15:47:06.923" endtime="20230321 15:47:07.040"/>
</kw>
<kw name="Sleep" library="BuiltIn">
<arg>5</arg>
<doc>Pauses the test executed for the given time.</doc>
<msg timestamp="20230321 15:47:12.056" level="INFO">Slept 5 seconds</msg>
<status status="PASS" starttime="20230321 15:47:07.042" endtime="20230321 15:47:12.056"/>
</kw>
<kw name="Set Browser Timeout" library="RPA.Browser.Playwright">
<arg>2m</arg>
<tag>Config</tag>
<tag>Setter</tag>
<doc>Sets the timeout used by most input and getter keywords.</doc>
<msg timestamp="20230321 15:47:12.061" level="INFO">Set timeout to: 120000</msg>
<status status="PASS" starttime="20230321 15:47:12.056" endtime="20230321 15:47:12.061"/>
</kw>
<status status="PASS" starttime="20230321 15:46:55.657" endtime="20230321 15:47:12.062"/>
</kw>
<kw name="Click" library="RPA.Browser.Playwright">
<arg>html &gt; frameset &gt; frameset &gt; frame:nth-child(1) &gt;&gt;&gt; //*[@id="main.htm"]</arg>
<tag>PageContent</tag>
<tag>Setter</tag>
<doc>Simulates mouse click on the element found by ``selector``.</doc>
<status status="PASS" starttime="20230321 15:47:12.063" endtime="20230321 15:47:12.151"/>
</kw>
<kw name="Sleep" library="BuiltIn">
<arg>2</arg>
<doc>Pauses the test executed for the given time.</doc>
<msg timestamp="20230321 15:47:14.164" level="INFO">Slept 2 seconds</msg>
<status status="PASS" starttime="20230321 15:47:12.152" endtime="20230321 15:47:14.164"/>
</kw>
<kw name="Take Screenshot" library="RPA.Browser.Playwright">
<tag>PageContent</tag>
<doc>Takes a screenshot of the current window or element and saves it to disk.</doc>
<msg timestamp="20230321 15:47:14.255" level="INFO" html="true">&lt;/td&gt;&lt;/tr&gt;&lt;tr&gt;&lt;td colspan="3"&gt;&lt;a href="browser/screenshot/robotframework-browser-screenshot-3.png"&gt;&lt;img src="browser/screenshot/robotframework-browser-screenshot-3.png" width="800px"&gt;&lt;/a&gt;</msg>
<status status="PASS" starttime="20230321 15:47:14.165" endtime="20230321 15:47:14.256"/>
</kw>
<kw name="Click" library="RPA.Browser.Playwright">
<arg>html &gt; frameset &gt; frameset &gt; frame:nth-child(2) &gt;&gt;&gt; //*[@id="hwiButton"]/input</arg>
<tag>PageContent</tag>
<tag>Setter</tag>
<doc>Simulates mouse click on the element found by ``selector``.</doc>
<status status="PASS" starttime="20230321 15:47:14.257" endtime="20230321 15:47:14.323"/>
</kw>
<kw name="Sleep" library="BuiltIn">
<arg>2</arg>
<doc>Pauses the test executed for the given time.</doc>
<msg timestamp="20230321 15:47:16.330" level="INFO">Slept 2 seconds</msg>
<status status="PASS" starttime="20230321 15:47:14.323" endtime="20230321 15:47:16.331"/>
</kw>
<kw name="Take Screenshot" library="RPA.Browser.Playwright">
<tag>PageContent</tag>
<doc>Takes a screenshot of the current window or element and saves it to disk.</doc>
<msg timestamp="20230321 15:47:16.453" level="INFO" html="true">&lt;/td&gt;&lt;/tr&gt;&lt;tr&gt;&lt;td colspan="3"&gt;&lt;a href="browser/screenshot/robotframework-browser-screenshot-4.png"&gt;&lt;img src="browser/screenshot/robotframework-browser-screenshot-4.png" width="800px"&gt;&lt;/a&gt;</msg>
<status status="PASS" starttime="20230321 15:47:16.334" endtime="20230321 15:47:16.453"/>
</kw>
<kw name="Get Text" library="RPA.Browser.Playwright">
<var>${m1}</var>
<arg>html &gt; frameset &gt; frameset &gt; frame:nth-child(2) &gt;&gt;&gt; //*[@id="slotTableContentTbody"]/tr[${slot}]/td[2]</arg>
<tag>Assertion</tag>
<tag>Getter</tag>
<tag>PageContent</tag>
<doc>Returns text attribute of the element found by ``selector``.</doc>
<msg timestamp="20230321 15:47:16.506" level="INFO">${m1} = Ethernet</msg>
<status status="PASS" starttime="20230321 15:47:16.454" endtime="20230321 15:47:16.507"/>
</kw>
<kw name="Get Text" library="RPA.Browser.Playwright">
<var>${m2}</var>
<arg>html &gt; frameset &gt; frameset &gt; frame:nth-child(2) &gt;&gt;&gt; //*[@id="slotTableContentTbody"]/tr[${slot}]/td[3]</arg>
<tag>Assertion</tag>
<tag>Getter</tag>
<tag>PageContent</tag>
<doc>Returns text attribute of the element found by ``selector``.</doc>
<msg timestamp="20230321 15:47:16.538" level="INFO">${m2} = Ethernet</msg>
<status status="PASS" starttime="20230321 15:47:16.508" endtime="20230321 15:47:16.538"/>
</kw>
<kw name="Get Text" library="RPA.Browser.Playwright">
<var>${m3}</var>
<arg>html &gt; frameset &gt; frameset &gt; frame:nth-child(2) &gt;&gt;&gt; //*[@id="slotTableContentTbody"]/tr[${slot}]/td[6]</arg>
<tag>Assertion</tag>
<tag>Getter</tag>
<tag>PageContent</tag>
<doc>Returns text attribute of the element found by ``selector``.</doc>
<msg timestamp="20230321 15:47:16.566" level="INFO">${m3} = Operational</msg>
<status status="PASS" starttime="20230321 15:47:16.540" endtime="20230321 15:47:16.566"/>
</kw>
<kw name="Get Text" library="RPA.Browser.Playwright">
<var>${m4}</var>
<arg>html &gt; frameset &gt; frameset &gt; frame:nth-child(2) &gt;&gt;&gt; //*[@id="slotTableContentTbody"]/tr[${slot}]/td[8]</arg>
<tag>Assertion</tag>
<tag>Getter</tag>
<tag>PageContent</tag>
<doc>Returns text attribute of the element found by ``selector``.</doc>
<msg timestamp="20230321 15:47:16.591" level="INFO">${m4} = 17.D</msg>
<status status="PASS" starttime="20230321 15:47:16.568" endtime="20230321 15:47:16.591"/>
</kw>
<kw name="Get Text" library="RPA.Browser.Playwright">
<var>${m5}</var>
<arg>html &gt; frameset &gt; frameset &gt; frame:nth-child(2) &gt;&gt;&gt; //*[@id="slotTableContentTbody"]/tr[${slot}+1]/td[2]</arg>
<tag>Assertion</tag>
<tag>Getter</tag>
<tag>PageContent</tag>
<doc>Returns text attribute of the element found by ``selector``.</doc>
<msg timestamp="20230321 15:47:16.617" level="INFO">${m5} = </msg>
<status status="PASS" starttime="20230321 15:47:16.592" endtime="20230321 15:47:16.617"/>
</kw>
<kw name="Get Text" library="RPA.Browser.Playwright">
<var>${m6}</var>
<arg>html &gt; frameset &gt; frameset &gt; frame:nth-child(2) &gt;&gt;&gt; //*[@id="slotTableContentTbody"]/tr[${slot}+1]/td[3]</arg>
<tag>Assertion</tag>
<tag>Getter</tag>
<tag>PageContent</tag>
<doc>Returns text attribute of the element found by ``selector``.</doc>
<msg timestamp="20230321 15:47:16.642" level="INFO">${m6} = </msg>
<status status="PASS" starttime="20230321 15:47:16.618" endtime="20230321 15:47:16.642"/>
</kw>
<kw name="Get Text" library="RPA.Browser.Playwright">
<var>${m7}</var>
<arg>html &gt; frameset &gt; frameset &gt; frame:nth-child(2) &gt;&gt;&gt; //*[@id="slotTableContentTbody"]/tr[${slot}+1]/td[6]</arg>
<tag>Assertion</tag>
<tag>Getter</tag>
<tag>PageContent</tag>
<doc>Returns text attribute of the element found by ``selector``.</doc>
<msg timestamp="20230321 15:47:16.672" level="INFO">${m7} = Free</msg>
<status status="PASS" starttime="20230321 15:47:16.643" endtime="20230321 15:47:16.672"/>
</kw>
<kw name="Get Text" library="RPA.Browser.Playwright">
<var>${m8}</var>
<arg>html &gt; frameset &gt; frameset &gt; frame:nth-child(2) &gt;&gt;&gt; //*[@id="slotTableContentTbody"]/tr[${slot}+1]/td[8]</arg>
<tag>Assertion</tag>
<tag>Getter</tag>
<tag>PageContent</tag>
<doc>Returns text attribute of the element found by ``selector``.</doc>
<msg timestamp="20230321 15:47:16.701" level="INFO">${m8} = -</msg>
<status status="PASS" starttime="20230321 15:47:16.673" endtime="20230321 15:47:16.701"/>
</kw>
<kw name="Set Browser Timeout" library="RPA.Browser.Playwright">
<arg>3m</arg>
<tag>Config</tag>
<tag>Setter</tag>
<doc>Sets the timeout used by most input and getter keywords.</doc>
<msg timestamp="20230321 15:47:16.704" level="INFO">Set timeout to: 180000</msg>
<status status="PASS" starttime="20230321 15:47:16.702" endtime="20230321 15:47:16.704"/>
</kw>
<for flavor="IN RANGE">
<var>${counter}</var>
<value>1</value>
<value>16</value>
<iter>
<var name="${counter}">1</var>
<kw name="Get Text" library="RPA.Browser.Playwright">
<var>@{ROBOTS}</var>
<arg>html &gt; frameset &gt; frameset &gt; frame:nth-child(2) &gt;&gt;&gt; //*[@id="slotTableContentTbody"]/tr[${counter}]/td[2]</arg>
<tag>Assertion</tag>
<tag>Getter</tag>
<tag>PageContent</tag>
<doc>Returns text attribute of the element found by ``selector``.</doc>
<msg timestamp="20230321 15:47:16.731" level="FAIL">Cannot set variable '@{ROBOTS}': Expected list-like value, got string.</msg>
<status status="FAIL" starttime="20230321 15:47:16.706" endtime="20230321 15:47:16.732"/>
</kw>
<status status="FAIL" starttime="20230321 15:47:16.706" endtime="20230321 15:47:16.734"/>
</iter>
<status status="FAIL" starttime="20230321 15:47:16.705" endtime="20230321 15:47:16.734"/>
</for>
<status status="FAIL" starttime="20230321 15:46:55.648" endtime="20230321 15:47:16.750">Cannot set variable '@{ROBOTS}': Expected list-like value, got string.</status>
</test>
<status status="FAIL" starttime="20230321 15:46:53.996" endtime="20230321 15:47:16.787"/>
</suite>
<statistics>
<total>
<stat pass="0" fail="1" skip="0">All Tasks</stat>
</total>
<tag>
</tag>
<suite>
<stat pass="0" fail="1" skip="0" id="s1" name="Playw">Playw</stat>
</suite>
</statistics>
<errors>
</errors>
</robot>
